<?xml version="1.0" encoding="UTF-8" ?>
<testsuite tests="19" failures="0" name="uaslp.objetos.list.linkedlist.LinkedListTest" time="0.003" errors="0" skipped="0">
  <properties>
    <property name="java.runtime.name" value="Java(TM) SE Runtime Environment"/>
    <property name="java.vm.version" value="17.0.2+8-LTS-86"/>
    <property name="sun.boot.library.path" value="C:\Program Files\Java\jdk-17.0.2\bin"/>
    <property name="maven.multiModuleProjectDirectory" value="D:\Documentos\Documentos Uni 4to Semestre\TOO\list"/>
    <property name="java.vm.vendor" value="Oracle Corporation"/>
    <property name="java.vendor.url" value="https://java.oracle.com/"/>
    <property name="guice.disable.misplaced.annotation.check" value="true"/>
    <property name="path.separator" value=";"/>
    <property name="java.vm.name" value="Java HotSpot(TM) 64-Bit Server VM"/>
    <property name="sun.os.patch.level" value=""/>
    <property name="user.script" value=""/>
    <property name="user.country" value="MX"/>
    <property name="sun.java.launcher" value="SUN_STANDARD"/>
    <property name="java.vm.specification.name" value="Java Virtual Machine Specification"/>
    <property name="user.dir" value="D:\Documentos\Documentos Uni 4to Semestre\TOO\list"/>
    <property name="java.vm.compressedOopsMode" value="Zero based"/>
    <property name="java.runtime.version" value="17.0.2+8-LTS-86"/>
    <property name="os.arch" value="amd64"/>
    <property name="java.io.tmpdir" value="C:\Users\tadeo\AppData\Local\Temp\"/>
    <property name="line.separator" value="
"/>
    <property name="java.vm.specification.vendor" value="Oracle Corporation"/>
    <property name="user.variant" value=""/>
    <property name="os.name" value="Windows 10"/>
    <property name="classworlds.conf" value="D:\Documentos\Documentos Uni 4to Semestre\TOO\apache-maven-3.8.5\bin\m2.conf"/>
    <property name="sun.jnu.encoding" value="Cp1252"/>
    <property name="java.library.path" value="C:\Program Files\Java\jdk-17.0.2\bin;C:\Windows\Sun\Java\bin;C:\Windows\system32;C:\Windows;C:\Program Files\Common Files\Oracle\Java\javapath;C:\Windows\system32;C:\Windows;C:\Windows\System32\Wbem;C:\Windows\System32\WindowsPowerShell\v1.0\;C:\Windows\System32\OpenSSH\;C:\Program Files\NVIDIA Corporation\NVIDIA NvDLISR;C:\Program Files (x86)\NVIDIA Corporation\PhysX\Common;C:\Program Files\Git\cmd;C:\Program Files\dotnet\;C:\Users\tadeo\AppData\Local\Microsoft\WindowsApps;C:\Users\tadeo\AppData\Local\atom\bin;C:\Users\tadeo\AppData\Local\Programs\Microsoft VS Code\bin;C:\Users\tadeo\.dotnet\tools;D:\Documentos\Documentos Uni 4to Semestre\TOO\apache-maven-3.8.5\bin;;."/>
    <property name="maven.conf" value="D:\Documentos\Documentos Uni 4to Semestre\TOO\apache-maven-3.8.5/conf"/>
    <property name="jdk.debug" value="release"/>
    <property name="java.class.version" value="61.0"/>
    <property name="java.specification.name" value="Java Platform API Specification"/>
    <property name="sun.management.compiler" value="HotSpot 64-Bit Tiered Compilers"/>
    <property name="os.version" value="10.0"/>
    <property name="library.jansi.path" value="D:\Documentos\Documentos Uni 4to Semestre\TOO\apache-maven-3.8.5\lib\jansi-native"/>
    <property name="user.home" value="C:\Users\tadeo"/>
    <property name="user.timezone" value="America/Mexico_City"/>
    <property name="file.encoding" value="Cp1252"/>
    <property name="java.specification.version" value="17"/>
    <property name="user.name" value="tadeo"/>
    <property name="java.class.path" value="D:\Documentos\Documentos Uni 4to Semestre\TOO\apache-maven-3.8.5\boot\plexus-classworlds-2.6.0.jar"/>
    <property name="java.vm.specification.version" value="17"/>
    <property name="sun.arch.data.model" value="64"/>
    <property name="sun.java.command" value="org.codehaus.plexus.classworlds.launcher.Launcher package"/>
    <property name="java.home" value="C:\Program Files\Java\jdk-17.0.2"/>
    <property name="user.language" value="es"/>
    <property name="java.specification.vendor" value="Oracle Corporation"/>
    <property name="java.vm.info" value="mixed mode, sharing"/>
    <property name="java.version" value="17.0.2"/>
    <property name="native.encoding" value="Cp1252"/>
    <property name="java.vendor" value="Oracle Corporation"/>
    <property name="sun.stderr.encoding" value="cp850"/>
    <property name="maven.home" value="D:\Documentos\Documentos Uni 4to Semestre\TOO\apache-maven-3.8.5"/>
    <property name="file.separator" value="\"/>
    <property name="java.version.date" value="2022-01-18"/>
    <property name="java.vendor.url.bug" value="https://bugreport.java.com/bugreport/"/>
    <property name="sun.io.unicode.encoding" value="UnicodeLittle"/>
    <property name="sun.cpu.endian" value="little"/>
    <property name="sun.stdout.encoding" value="cp850"/>
    <property name="sun.cpu.isalist" value="amd64"/>
  </properties>
  <testcase classname="uaslp.objetos.list.linkedlist.LinkedListTest" name="givenAListWithTwoElements_whenRemove_thenSizeIsOne" time="0"/>
  <testcase classname="uaslp.objetos.list.linkedlist.LinkedListTest" name="givenAListWithThreeElements_whenRemove_thenSizeIsZero" time="0"/>
  <testcase classname="uaslp.objetos.list.linkedlist.LinkedListTest" name="givenAListWithThreeElements_whenRemove_thenSizeIsTwo" time="0.001"/>
  <testcase classname="uaslp.objetos.list.linkedlist.LinkedListTest" name="givenAListWithTwoElements_whenRemoveIndex1_thenSizeIsOne" time="0"/>
  <testcase classname="uaslp.objetos.list.linkedlist.LinkedListTest" name="givenAListWithTwoElements_whenRemoveIndex3_thenNotValidIndexExceptionIsThrown" time="0.001"/>
  <testcase classname="uaslp.objetos.list.linkedlist.LinkedListTest" name="givenAListWithTwoElements_whenAddAtFrontNullValue_thenNotNullValuesAllowedException" time="0"/>
  <testcase classname="uaslp.objetos.list.linkedlist.LinkedListTest" name="givenAListWithTwoElements_whenSetAtNullValue_thenNotNullValuesAllowedException" time="0"/>
  <testcase classname="uaslp.objetos.list.linkedlist.LinkedListTest" name="givenAListWithTwoElements_whenSetAt_thenElementsIsModified" time="0"/>
  <testcase classname="uaslp.objetos.list.linkedlist.LinkedListTest" name="givenANewList_whenGetAt_thenExceptionIsThrown" time="0"/>
  <testcase classname="uaslp.objetos.list.linkedlist.LinkedListTest" name="givenListWithASingleElement_whenAddAtFrontAnElement_thenResultIsOne" time="0"/>
  <testcase classname="uaslp.objetos.list.linkedlist.LinkedListTest" name="givenAListWithThreeElements_whenRemoveElementAtTail_thenSizeIsTwo" time="0"/>
  <testcase classname="uaslp.objetos.list.linkedlist.LinkedListTest" name="givenAListWithTwoElements_whenSetAtIndex3_thenNotValidIndexExceptionIsThrown" time="0"/>
  <testcase classname="uaslp.objetos.list.linkedlist.LinkedListTest" name="givenAListWithTwoElements_whenAddAtTailNullValue_thenNotNullValuesAllowedException" time="0"/>
  <testcase classname="uaslp.objetos.list.linkedlist.LinkedListTest" name="givenAListWithThreeElements_whenGetIterator_thenIteratorWorksOverAllThreeElements" time="0.001"/>
  <testcase classname="uaslp.objetos.list.linkedlist.LinkedListTest" name="givenANewList_whenGetSize_thenResultIsZero" time="0"/>
  <testcase classname="uaslp.objetos.list.linkedlist.LinkedListTest" name="givenAListWithOneElement_whenRemove_thenSizeIsZero" time="0"/>
  <testcase classname="uaslp.objetos.list.linkedlist.LinkedListTest" name="givenAListWith1Element_whenAddAtFrontAnElement_thenResultIsTwo" time="0"/>
  <testcase classname="uaslp.objetos.list.linkedlist.LinkedListTest" name="givenListWithASingleElement_whenAddAtTailAnElement_thenResultIsOne" time="0"/>
  <testcase classname="uaslp.objetos.list.linkedlist.LinkedListTest" name="givenAListWith1Element_whenAddAtTailAnElement_thenResultIsTwo" time="0"/>
</testsuite>