<?xml version="1.0" encoding="UTF-8"?>
<testsuite xmlns:xsi="http://www.w3.org/2001/XMLSchema-instance" xsi:noNamespaceSchemaLocation="https://maven.apache.org/surefire/maven-surefire-plugin/xsd/surefire-test-report.xsd" name="uaslp.objetos.list.linkedlist.LinkedListTest" time="0.012" tests="19" errors="0" skipped="0" failures="0">
  <properties>
    <property name="java.specification.version" value="17"/>
    <property name="sun.cpu.isalist" value="amd64"/>
    <property name="sun.jnu.encoding" value="Cp1252"/>
    <property name="java.class.path" value="D:\Documentos\Documentos Uni 4to Semestre\TOO\list\target\test-classes;D:\Documentos\Documentos Uni 4to Semestre\TOO\list\target\classes;C:\Users\tadeo\.m2\repository\org\junit\jupiter\junit-jupiter-engine\5.8.2\junit-jupiter-engine-5.8.2.jar;C:\Users\tadeo\.m2\repository\org\junit\platform\junit-platform-engine\1.8.2\junit-platform-engine-1.8.2.jar;C:\Users\tadeo\.m2\repository\org\opentest4j\opentest4j\1.2.0\opentest4j-1.2.0.jar;C:\Users\tadeo\.m2\repository\org\junit\platform\junit-platform-commons\1.8.2\junit-platform-commons-1.8.2.jar;C:\Users\tadeo\.m2\repository\org\junit\jupiter\junit-jupiter-api\5.8.2\junit-jupiter-api-5.8.2.jar;C:\Users\tadeo\.m2\repository\org\apiguardian\apiguardian-api\1.1.2\apiguardian-api-1.1.2.jar;"/>
    <property name="java.vm.vendor" value="Oracle Corporation"/>
    <property name="sun.arch.data.model" value="64"/>
    <property name="user.variant" value=""/>
    <property name="java.vendor.url" value="https://java.oracle.com/"/>
    <property name="user.timezone" value="America/Mexico_City"/>
    <property name="os.name" value="Windows 10"/>
    <property name="java.vm.specification.version" value="17"/>
    <property name="sun.java.launcher" value="SUN_STANDARD"/>
    <property name="user.country" value="MX"/>
    <property name="sun.boot.library.path" value="C:\Program Files\Java\jdk-17.0.2\bin"/>
    <property name="sun.java.command" value="C:\Users\tadeo\AppData\Local\Temp\surefire10761955130743839715\surefirebooter4271248709989420784.jar C:\Users\tadeo\AppData\Local\Temp\surefire10761955130743839715 2022-04-08T17-42-19_582-jvmRun1 surefire5620855911925439128tmp surefire_02836620711007360695tmp"/>
    <property name="jdk.debug" value="release"/>
    <property name="surefire.test.class.path" value="D:\Documentos\Documentos Uni 4to Semestre\TOO\list\target\test-classes;D:\Documentos\Documentos Uni 4to Semestre\TOO\list\target\classes;C:\Users\tadeo\.m2\repository\org\junit\jupiter\junit-jupiter-engine\5.8.2\junit-jupiter-engine-5.8.2.jar;C:\Users\tadeo\.m2\repository\org\junit\platform\junit-platform-engine\1.8.2\junit-platform-engine-1.8.2.jar;C:\Users\tadeo\.m2\repository\org\opentest4j\opentest4j\1.2.0\opentest4j-1.2.0.jar;C:\Users\tadeo\.m2\repository\org\junit\platform\junit-platform-commons\1.8.2\junit-platform-commons-1.8.2.jar;C:\Users\tadeo\.m2\repository\org\junit\jupiter\junit-jupiter-api\5.8.2\junit-jupiter-api-5.8.2.jar;C:\Users\tadeo\.m2\repository\org\apiguardian\apiguardian-api\1.1.2\apiguardian-api-1.1.2.jar;"/>
    <property name="sun.cpu.endian" value="little"/>
    <property name="user.home" value="C:\Users\tadeo"/>
    <property name="user.language" value="es"/>
    <property name="java.specification.vendor" value="Oracle Corporation"/>
    <property name="java.version.date" value="2022-01-18"/>
    <property name="java.home" value="C:\Program Files\Java\jdk-17.0.2"/>
    <property name="file.separator" value="\"/>
    <property name="basedir" value="D:\Documentos\Documentos Uni 4to Semestre\TOO\list"/>
    <property name="java.vm.compressedOopsMode" value="Zero based"/>
    <property name="line.separator" value="&#10;"/>
    <property name="java.vm.specification.vendor" value="Oracle Corporation"/>
    <property name="java.specification.name" value="Java Platform API Specification"/>
    <property name="surefire.real.class.path" value="C:\Users\tadeo\AppData\Local\Temp\surefire10761955130743839715\surefirebooter4271248709989420784.jar"/>
    <property name="user.script" value=""/>
    <property name="sun.management.compiler" value="HotSpot 64-Bit Tiered Compilers"/>
    <property name="java.runtime.version" value="17.0.2+8-LTS-86"/>
    <property name="user.name" value="tadeo"/>
    <property name="path.separator" value=";"/>
    <property name="os.version" value="10.0"/>
    <property name="java.runtime.name" value="Java(TM) SE Runtime Environment"/>
    <property name="file.encoding" value="Cp1252"/>
    <property name="java.vm.name" value="Java HotSpot(TM) 64-Bit Server VM"/>
    <property name="localRepository" value="C:\Users\tadeo\.m2\repository"/>
    <property name="java.vendor.url.bug" value="https://bugreport.java.com/bugreport/"/>
    <property name="java.io.tmpdir" value="C:\Users\tadeo\AppData\Local\Temp\"/>
    <property name="idea.version" value="2021.3.2"/>
    <property name="java.version" value="17.0.2"/>
    <property name="user.dir" value="D:\Documentos\Documentos Uni 4to Semestre\TOO\list"/>
    <property name="os.arch" value="amd64"/>
    <property name="java.vm.specification.name" value="Java Virtual Machine Specification"/>
    <property name="sun.os.patch.level" value=""/>
    <property name="native.encoding" value="Cp1252"/>
    <property name="java.library.path" value="C:\Program Files\Java\jdk-17.0.2\bin;C:\Windows\Sun\Java\bin;C:\Windows\system32;C:\Windows;C:\Program Files\Common Files\Oracle\Java\javapath;C:\Windows\system32;C:\Windows;C:\Windows\System32\Wbem;C:\Windows\System32\WindowsPowerShell\v1.0\;C:\Windows\System32\OpenSSH\;C:\Program Files\NVIDIA Corporation\NVIDIA NvDLISR;C:\Program Files (x86)\NVIDIA Corporation\PhysX\Common;C:\Program Files\Git\cmd;C:\Program Files\dotnet\;C:\Users\tadeo\AppData\Local\Microsoft\WindowsApps;C:\Users\tadeo\AppData\Local\atom\bin;C:\Users\tadeo\AppData\Local\Programs\Microsoft VS Code\bin;C:\Users\tadeo\.dotnet\tools;D:\Documentos\Documentos Uni 4to Semestre\TOO\apache-maven-3.8.5\bin;;."/>
    <property name="java.vm.info" value="mixed mode, sharing"/>
    <property name="java.vendor" value="Oracle Corporation"/>
    <property name="java.vm.version" value="17.0.2+8-LTS-86"/>
    <property name="sun.io.unicode.encoding" value="UnicodeLittle"/>
    <property name="java.class.version" value="61.0"/>
  </properties>
  <testcase name="givenAListWithTwoElements_whenRemove_thenSizeIsOne" classname="uaslp.objetos.list.linkedlist.LinkedListTest" time="0"/>
  <testcase name="givenAListWithThreeElements_whenRemove_thenSizeIsZero" classname="uaslp.objetos.list.linkedlist.LinkedListTest" time="0"/>
  <testcase name="givenAListWithThreeElements_whenRemove_thenSizeIsTwo" classname="uaslp.objetos.list.linkedlist.LinkedListTest" time="0"/>
  <testcase name="givenAListWithTwoElements_whenRemoveIndex1_thenSizeIsOne" classname="uaslp.objetos.list.linkedlist.LinkedListTest" time="0"/>
  <testcase name="givenAListWithTwoElements_whenRemoveIndex3_thenNotValidIndexExceptionIsThrown" classname="uaslp.objetos.list.linkedlist.LinkedListTest" time="0"/>
  <testcase name="givenAListWithTwoElements_whenAddAtFrontNullValue_thenNotNullValuesAllowedException" classname="uaslp.objetos.list.linkedlist.LinkedListTest" time="0"/>
  <testcase name="givenAListWithTwoElements_whenSetAtNullValue_thenNotNullValuesAllowedException" classname="uaslp.objetos.list.linkedlist.LinkedListTest" time="0"/>
  <testcase name="givenAListWithTwoElements_whenSetAt_thenElementsIsModified" classname="uaslp.objetos.list.linkedlist.LinkedListTest" time="0.001"/>
  <testcase name="givenANewList_whenGetAt_thenExceptionIsThrown" classname="uaslp.objetos.list.linkedlist.LinkedListTest" time="0"/>
  <testcase name="givenListWithASingleElement_whenAddAtFrontAnElement_thenResultIsOne" classname="uaslp.objetos.list.linkedlist.LinkedListTest" time="0.001"/>
  <testcase name="givenAListWithThreeElements_whenRemoveElementAtTail_thenSizeIsTwo" classname="uaslp.objetos.list.linkedlist.LinkedListTest" time="0"/>
  <testcase name="givenAListWithTwoElements_whenSetAtIndex3_thenNotValidIndexExceptionIsThrown" classname="uaslp.objetos.list.linkedlist.LinkedListTest" time="0"/>
  <testcase name="givenAListWithTwoElements_whenAddAtTailNullValue_thenNotNullValuesAllowedException" classname="uaslp.objetos.list.linkedlist.LinkedListTest" time="0.001"/>
  <testcase name="givenAListWithThreeElements_whenGetIterator_thenIteratorWorksOverAllThreeElements" classname="uaslp.objetos.list.linkedlist.LinkedListTest" time="0.001"/>
  <testcase name="givenANewList_whenGetSize_thenResultIsZero" classname="uaslp.objetos.list.linkedlist.LinkedListTest" time="0.001"/>
  <testcase name="givenAListWithOneElement_whenRemove_thenSizeIsZero" classname="uaslp.objetos.list.linkedlist.LinkedListTest" time="0.001"/>
  <testcase name="givenAListWith1Element_whenAddAtFrontAnElement_thenResultIsTwo" classname="uaslp.objetos.list.linkedlist.LinkedListTest" time="0"/>
  <testcase name="givenListWithASingleElement_whenAddAtTailAnElement_thenResultIsOne" classname="uaslp.objetos.list.linkedlist.LinkedListTest" time="0.001"/>
  <testcase name="givenAListWith1Element_whenAddAtTailAnElement_thenResultIsTwo" classname="uaslp.objetos.list.linkedlist.LinkedListTest" time="0"/>
</testsuite>